Slack Redline Exchange — full test suite
Captured 2026-08-27 14:03 UTC · offline, no API key, no network
Command: uv run pytest -v

============================= test session starts ==============================
platform linux -- Python 3.12.3, pytest-9.1.1, pluggy-1.6.0 -- /home/loophole/Documents/projects/slack-redline-exchange/.venv/bin/python3
cachedir: .pytest_cache
rootdir: /home/loophole/Documents/projects/slack-redline-exchange
configfile: pyproject.toml
testpaths: tests
plugins: anyio-4.14.2, asyncio-1.4.0
asyncio: mode=Mode.AUTO, debug=False, asyncio_default_fixture_loop_scope=None, asyncio_default_test_loop_scope=function
collecting ... collected 119 items

tests/test_approval.py::test_dual_consent_requires_both_sides_to_commit PASSED [  0%]
tests/test_approval.py::test_dual_consent_any_rejection_sends_change_back_with_feedback PASSED [  1%]
tests/test_approval.py::test_dual_consent_full_rejection_without_feedback_just_rejects PASSED [  2%]
tests/test_approval.py::test_proposer_only_gates_on_proposer_alone PASSED [  3%]
tests/test_approval.py::test_proposer_only_counterparty_decision_is_informational PASSED [  4%]
tests/test_bolt_wiring.py::test_decision_buttons_actually_match_their_listener[asyncio] PASSED [  5%]
tests/test_bolt_wiring.py::test_unrelated_actions_do_not_match_the_decision_listener[asyncio] PASSED [  5%]
tests/test_bolt_wiring.py::test_a_wrong_side_click_warns_without_destroying_the_card[asyncio] PASSED [  6%]
tests/test_boundary.py::test_boundary_never_leaks PASSED                 [  7%]
tests/test_boundary.py::test_post_shared_rejects_leaking_payload PASSED  [  8%]
tests/test_boundary.py::test_instruction_must_originate_from_shared_channel PASSED [  9%]
tests/test_boundary.py::test_document_content_never_treated_as_a_command PASSED [ 10%]
tests/test_deal_lifecycle.py::test_a_second_document_joins_the_open_deal[asyncio] PASSED [ 10%]
tests/test_deal_lifecycle.py::test_closing_frees_the_channel_for_the_next_contract[asyncio] PASSED [ 11%]
tests/test_deal_lifecycle.py::test_a_closed_deal_keeps_its_history[asyncio] PASSED [ 12%]
tests/test_deal_lifecycle.py::test_closing_is_refused_while_decisions_are_outstanding[asyncio] PASSED [ 13%]
tests/test_deal_lifecycle.py::test_closing_twice_is_refused[asyncio] PASSED [ 14%]
tests/test_deal_lifecycle.py::test_promoting_swaps_which_document_is_authoritative[asyncio] PASSED [ 15%]
tests/test_deal_lifecycle.py::test_an_untargeted_edit_follows_the_promoted_contract[asyncio] PASSED [ 15%]
tests/test_deal_lifecycle.py::test_promoting_the_current_contract_is_refused[asyncio] PASSED [ 16%]
tests/test_deal_lifecycle.py::test_promotion_is_recorded_in_the_trail[asyncio] PASSED [ 17%]
tests/test_display.py::test_a_filename_becomes_a_readable_deal_name[Acme_Globex_MSA.docx-Acme Globex MSA] PASSED [ 18%]
tests/test_display.py::test_a_filename_becomes_a_readable_deal_name[master-services-agreement.pdf-Master Services Agreement] PASSED [ 19%]
tests/test_display.py::test_a_filename_becomes_a_readable_deal_name[NDA.docx-NDA] PASSED [ 20%]
tests/test_display.py::test_a_filename_becomes_a_readable_deal_name[my contract.docx-My Contract] PASSED [ 21%]
tests/test_display.py::test_a_filename_becomes_a_readable_deal_name[noextension-Noextension] PASSED [ 21%]
tests/test_display.py::test_a_filename_becomes_a_readable_deal_name[.docx-.docx] PASSED [ 22%]
tests/test_display.py::test_a_new_deal_is_named_without_its_file_extension[asyncio] PASSED [ 23%]
tests/test_display.py::test_cards_show_a_countable_version_not_a_uuid[asyncio] PASSED [ 24%]
tests/test_display.py::test_the_superdocs_version_id_survives_the_friendlier_display[asyncio] PASSED [ 25%]
tests/test_display.py::test_the_start_card_carries_the_id_every_command_needs[asyncio] PASSED [ 26%]
tests/test_display.py::test_an_older_database_gains_the_version_column PASSED [ 26%]
tests/test_export_anchors.py::test_a_created_clause_lands_after_its_anchor_not_at_the_end PASSED [ 27%]
tests/test_export_anchors.py::test_an_unanchored_addition_is_appended_and_reported_honestly PASSED [ 28%]
tests/test_export_anchors.py::test_an_out_of_range_anchor_falls_back_instead_of_crashing PASSED [ 29%]
tests/test_export_anchors.py::test_the_insertion_is_a_real_tracked_change PASSED [ 30%]
tests/test_export_anchors.py::test_ordering_holds_when_several_clauses_share_one_anchor PASSED [ 31%]
tests/test_export_anchors.py::test_anchors_survive_the_round_trip_through_the_database PASSED [ 31%]
tests/test_export_trail.py::test_export_trail_marks_committed_changes_with_track_changes PASSED [ 32%]
tests/test_export_trail.py::test_unmatched_committed_change_is_reported_not_fabricated PASSED [ 33%]
tests/test_export_trail.py::test_non_docx_original_falls_back_honestly PASSED [ 34%]
tests/test_history_audit.py::test_history_audit_records_the_full_arc_in_order PASSED [ 35%]
tests/test_history_audit.py::test_history_is_per_deal PASSED             [ 36%]
tests/test_idempotency.py::test_the_same_instruction_twice_starts_one_job PASSED [ 36%]
tests/test_idempotency.py::test_deduplication_survives_whitespace_and_case PASSED [ 37%]
tests/test_idempotency.py::test_a_different_instruction_is_never_swallowed PASSED [ 38%]
tests/test_idempotency.py::test_a_caller_supplied_key_defines_sameness PASSED [ 39%]
tests/test_idempotency.py::test_the_fold_is_recorded_rather_than_hidden PASSED [ 40%]
tests/test_idempotency.py::test_a_stale_key_outside_the_window_starts_fresh_work PASSED [ 41%]
tests/test_idempotency.py::test_an_in_flight_job_dedupes_regardless_of_age PASSED [ 42%]
tests/test_idempotency.py::test_deduplication_never_bypasses_the_boundary PASSED [ 42%]
tests/test_identity.py::test_side_comes_from_the_workspace_by_default PASSED [ 43%]
tests/test_identity.py::test_unknown_workspace_is_rejected_with_a_clear_message PASSED [ 44%]
tests/test_identity.py::test_user_override_pins_a_side_for_single_workspace_testing PASSED [ 45%]
tests/test_identity.py::test_malformed_override_is_rejected_loudly PASSED [ 46%]
tests/test_identity.py::test_a_user_cannot_decide_on_behalf_of_the_other_side PASSED [ 47%]
tests/test_identity.py::test_one_user_cannot_be_mapped_to_both_sides PASSED [ 47%]
tests/test_identity.py::test_repeating_the_same_mapping_is_harmless PASSED [ 48%]
tests/test_kill_resume.py::test_kill_before_driving_resumes_exactly_once PASSED [ 49%]
tests/test_kill_resume.py::test_kill_after_cards_posted_then_decide_completes_exactly_once PASSED [ 50%]
tests/test_live_transport.py::test_requests_carry_bearer_auth_and_documented_payload_shapes PASSED [ 51%]
tests/test_live_transport.py::test_session_documents_are_parsed_from_the_documented_shape PASSED [ 52%]
tests/test_live_transport.py::test_api_errors_surface_code_and_message PASSED [ 52%]
tests/test_live_transport.py::test_non_json_error_body_still_produces_a_useful_error PASSED [ 53%]
tests/test_live_transport.py::test_invalid_open_mode_is_caught_before_any_network_call PASSED [ 54%]
tests/test_live_transport.py::test_a_binary_export_body_is_returned_as_bytes_not_decoded PASSED [ 55%]
tests/test_live_transport.py::test_a_json_export_body_still_works PASSED [ 56%]
tests/test_live_transport.py::test_an_error_on_a_binary_endpoint_still_reports_properly PASSED [ 57%]
tests/test_live_transport.py::test_a_markdown_export_returns_bytes_not_just_text PASSED [ 57%]
tests/test_live_transport.py::test_export_warnings_are_surfaced_not_swallowed PASSED [ 58%]
tests/test_live_transport.py::test_a_malformed_warnings_header_does_not_break_a_good_export PASSED [ 59%]
tests/test_multidocument.py::test_supporting_document_joins_deal_without_touching_the_contract PASSED [ 60%]
tests/test_multidocument.py::test_untargeted_propose_still_edits_the_contract PASSED [ 61%]
tests/test_multidocument.py::test_propose_can_target_a_supporting_document_by_name PASSED [ 62%]
tests/test_multidocument.py::test_unknown_document_target_is_refused_with_a_helpful_message PASSED [ 63%]
tests/test_multidocument.py::test_documents_must_be_shared_in_the_shared_channel PASSED [ 63%]
tests/test_multidocument.py::test_refresh_redraws_a_pending_card_that_was_clobbered PASSED [ 64%]
tests/test_multidocument.py::test_refresh_leaves_already_decided_proposals_alone PASSED [ 65%]
tests/test_multidocument.py::test_attaching_a_document_leaves_the_contract_byte_identical PASSED [ 66%]
tests/test_notifications.py::test_a_decision_is_announced_with_what_changed[asyncio] PASSED [ 67%]
tests/test_notifications.py::test_the_notice_names_who_is_still_blocking[asyncio] PASSED [ 68%]
tests/test_notifications.py::test_the_outcome_reaches_both_internal_channels[asyncio] PASSED [ 68%]
tests/test_notifications.py::test_the_outcome_is_not_buried_in_a_thread[asyncio] PASSED [ 69%]
tests/test_notifications.py::test_an_expired_superdocs_job_is_reported_not_silently_swallowed[asyncio] PASSED [ 70%]
tests/test_notifications.py::test_a_failed_notification_never_undoes_a_decision[asyncio] PASSED [ 71%]
tests/test_progress.py::test_slow_job_posts_progress_pings_and_still_completes PASSED [ 72%]
tests/test_progress.py::test_progress_callback_fires_from_wait_for_turnpoint PASSED [ 73%]
tests/test_progress.py::test_progress_ping_failure_never_breaks_the_job PASSED [ 73%]
tests/test_rest_surface.py::test_multipart_upload_and_document_and_search_endpoints PASSED [ 74%]
tests/test_rest_surface.py::test_rest_surface_drives_full_negotiation_end_to_end PASSED [ 75%]
tests/test_rest_surface.py::test_rest_surface_rejects_provenance_violation PASSED [ 76%]
tests/test_search.py::test_search_finds_document_text_and_proposals PASSED [ 77%]
tests/test_search.py::test_search_from_shared_channel_never_returns_internal_notes PASSED [ 78%]
tests/test_search.py::test_search_from_internal_channel_returns_own_notes PASSED [ 78%]
tests/test_search.py::test_one_side_cannot_search_the_other_sides_internal_notes PASSED [ 79%]
tests/test_search.py::test_search_reports_no_matches_honestly PASSED     [ 80%]
tests/test_search.py::test_empty_query_is_refused_with_guidance PASSED   [ 81%]
tests/test_search.py::test_search_via_slash_command_posts_results_to_the_calling_channel PASSED [ 82%]
tests/test_superdocs_client.py::TestSecondParse::test_parses_object_list PASSED [ 83%]
tests/test_superdocs_client.py::TestSecondParse::test_parses_json_encoded_string PASSED [ 84%]
tests/test_superdocs_client.py::TestSecondParse::test_parses_none PASSED [ 84%]
tests/test_superdocs_client.py::TestUpload::test_upload_creates_session_with_chunks PASSED [ 85%]
tests/test_superdocs_client.py::TestFullEditLoop::test_propose_approve_commit_export PASSED [ 86%]
tests/test_superdocs_client.py::TestFullEditLoop::test_reject_all_with_feedback_triggers_revision_round PASSED [ 87%]
tests/test_superdocs_client.py::TestFullEditLoop::test_mixed_decisions_apply_only_approved PASSED [ 88%]
tests/test_superdocs_client.py::TestErrorPaths::test_unknown_session_404 PASSED [ 89%]
tests/test_superdocs_client.py::TestErrorPaths::test_missing_top_level_approved_is_rejected PASSED [ 89%]
tests/test_superdocs_client.py::TestErrorPaths::test_cancel_completed_job_conflicts PASSED [ 90%]
tests/test_superdocs_client.py::TestErrorPaths::test_job_timeout_raises_informative_error PASSED [ 91%]
tests/test_superdocs_client.py::TestSessionJobs::test_list_session_jobs_reports_statuses PASSED [ 92%]
tests/test_two_workspace.py::test_two_workspace_mode_needs_all_four_tokens PASSED [ 93%]
tests/test_two_workspace.py::test_each_internal_channel_is_reached_by_its_own_workspace[asyncio] PASSED [ 94%]
tests/test_two_workspace.py::test_the_shared_channel_is_always_served_by_one_bot[asyncio] PASSED [ 94%]
tests/test_two_workspace.py::test_only_the_uploaders_workspace_ingests_a_shared_file PASSED [ 95%]
tests/test_two_workspace.py::test_single_workspace_never_ignores_a_file PASSED [ 96%]
tests/test_two_workspace.py::test_a_file_with_no_team_is_handled_rather_than_dropped PASSED [ 97%]
tests/test_two_workspace.py::test_tokens_resolve_per_side_and_fall_back_when_single PASSED [ 98%]
tests/test_versioning.py::test_authoritative_version_is_identical_for_both_sides_and_monotonic PASSED [ 99%]
tests/test_versioning.py::test_version_unchanged_when_nothing_is_applied PASSED [100%]

============================= 119 passed in 19.21s =============================
